  [1m[35m (0.6ms)[0m  [1m[35mSET NAMES utf8,  @@SESSION.sql_mode = CONCAT(CONCAT(@@sql_mode, ',STRICT_ALL_TABLES'), ',NO_AUTO_VALUE_ON_ZERO'),  @@SESSION.sql_auto_is_null = 0, @@SESSION.wait_timeout = 2147483[0m
  ↳ bin/rails:4
  [1m[35m (0.5ms)[0m  [1m[35mSET NAMES utf8,  @@SESSION.sql_mode = CONCAT(CONCAT(@@sql_mode, ',STRICT_ALL_TABLES'), ',NO_AUTO_VALUE_ON_ZERO'),  @@SESSION.sql_auto_is_null = 0, @@SESSION.wait_timeout = 2147483[0m
  ↳ bin/rails:4
  [1m[35m (0.4ms)[0m  [1m[35mSET NAMES utf8,  @@SESSION.sql_mode = CONCAT(CONCAT(@@sql_mode, ',STRICT_ALL_TABLES'), ',NO_AUTO_VALUE_ON_ZERO'),  @@SESSION.sql_auto_is_null = 0, @@SESSION.wait_timeout = 2147483[0m
  ↳ db/schema.rb:15
  [1m[35m (109.5ms)[0m  [1m[35mDROP TABLE IF EXISTS `analyzeordiagnose` CASCADE[0m
  ↳ db/schema.rb:15
  [1m[35m (143.2ms)[0m  [1m[35mCREATE TABLE `analyzeordiagnose` (`doctorID` int NOT NULL, `medHisID` int NOT NULL, PRIMARY KEY (`doctorID`, `medHisID`),  INDEX `medHisID`  (`medHisID`)) ENGINE=InnoDB DEFAULT CHARSET=utf8mb4 COLLATE=utf8mb4_0900_ai_ci[0m
  ↳ db/schema.rb:15
  [1m[35m (1.5ms)[0m  [1m[35mDROP TABLE IF EXISTS `currentmedical` CASCADE[0m
  ↳ db/schema.rb:21
  [1m[35m (0.7ms)[0m  [1m[35mSET NAMES utf8,  @@SESSION.sql_mode = CONCAT(CONCAT(@@sql_mode, ',STRICT_ALL_TABLES'), ',NO_AUTO_VALUE_ON_ZERO'),  @@SESSION.sql_auto_is_null = 0, @@SESSION.wait_timeout = 2147483[0m
  ↳ bin/rails:4
  [1m[35m (0.5ms)[0m  [1m[35mSET NAMES utf8,  @@SESSION.sql_mode = CONCAT(CONCAT(@@sql_mode, ',STRICT_ALL_TABLES'), ',NO_AUTO_VALUE_ON_ZERO'),  @@SESSION.sql_auto_is_null = 0, @@SESSION.wait_timeout = 2147483[0m
  ↳ bin/rails:4
  [1m[35m (629.0ms)[0m  [1m[35mDROP DATABASE IF EXISTS `medrecords`[0m
  ↳ bin/rails:4
  [1m[35m (0.5ms)[0m  [1m[35mSET NAMES utf8,  @@SESSION.sql_mode = CONCAT(CONCAT(@@sql_mode, ',STRICT_ALL_TABLES'), ',NO_AUTO_VALUE_ON_ZERO'),  @@SESSION.sql_auto_is_null = 0, @@SESSION.wait_timeout = 2147483[0m
  ↳ bin/rails:4
  [1m[35m (25.1ms)[0m  [1m[35mDROP DATABASE IF EXISTS `db/newtest`[0m
  ↳ bin/rails:4
  [1m[35m (0.6ms)[0m  [1m[35mSET NAMES utf8,  @@SESSION.sql_mode = CONCAT(CONCAT(@@sql_mode, ',STRICT_ALL_TABLES'), ',NO_AUTO_VALUE_ON_ZERO'),  @@SESSION.sql_auto_is_null = 0, @@SESSION.wait_timeout = 2147483[0m
  ↳ bin/rails:4
  [1m[35m (15.4ms)[0m  [1m[35mCREATE DATABASE `medrecords` DEFAULT CHARACTER SET `utf8`[0m
  ↳ bin/rails:4
  [1m[35m (0.4ms)[0m  [1m[35mSET NAMES utf8,  @@SESSION.sql_mode = CONCAT(CONCAT(@@sql_mode, ',STRICT_ALL_TABLES'), ',NO_AUTO_VALUE_ON_ZERO'),  @@SESSION.sql_auto_is_null = 0, @@SESSION.wait_timeout = 2147483[0m
  ↳ bin/rails:4
  [1m[35m (27.9ms)[0m  [1m[35mCREATE DATABASE `db/newtest` DEFAULT CHARACTER SET `utf8`[0m
  ↳ bin/rails:4
  [1m[35m (0.4ms)[0m  [1m[35mSET NAMES utf8,  @@SESSION.sql_mode = CONCAT(CONCAT(@@sql_mode, ',STRICT_ALL_TABLES'), ',NO_AUTO_VALUE_ON_ZERO'),  @@SESSION.sql_auto_is_null = 0, @@SESSION.wait_timeout = 2147483[0m
  ↳ db/schema.rb:15
  [1m[35m (5.7ms)[0m  [1m[35mDROP TABLE IF EXISTS `analyzeordiagnose` CASCADE[0m
  ↳ db/schema.rb:15
  [1m[35m (189.7ms)[0m  [1m[35mCREATE TABLE `analyzeordiagnose` (`doctorID` int NOT NULL, `medHisID` int NOT NULL, PRIMARY KEY (`doctorID`, `medHisID`),  INDEX `medHisID`  (`medHisID`)) ENGINE=InnoDB DEFAULT CHARSET=utf8mb4 COLLATE=utf8mb4_0900_ai_ci[0m
  ↳ db/schema.rb:15
  [1m[35m (6.1ms)[0m  [1m[35mDROP TABLE IF EXISTS `currentmedical` CASCADE[0m
  ↳ db/schema.rb:21
  [1m[35m (138.5ms)[0m  [1m[35mCREATE TABLE `currentmedical` (`currMedID` int NOT NULL PRIMARY KEY, `dateCreated` timestamp NULL, `dateUpdated` timestamp NULL, `medications` text, `allergies` text, `symptoms` text, `bloodPressure` varchar(50), `height` smallint, `weight` float(24)) ENGINE=InnoDB DEFAULT CHARSET=utf8mb4 COLLATE=utf8mb4_0900_ai_ci[0m
  ↳ db/schema.rb:21
  [1m[35m (6.5ms)[0m  [1m[35mDROP TABLE IF EXISTS `doctor` CASCADE[0m
  ↳ db/schema.rb:32
  [1m[35m (138.1ms)[0m  [1m[35mCREATE TABLE `doctor` (`doctorID` int NOT NULL PRIMARY KEY, `docName` varchar(50), `specialization` varchar(50), `department` varchar(50), `fee` decimal(15,2), `schedule` varchar(50)) ENGINE=InnoDB DEFAULT CHARSET=utf8mb4 COLLATE=utf8mb4_0900_ai_ci[0m
  ↳ db/schema.rb:32
  [1m[35m (6.8ms)[0m  [1m[35mDROP TABLE IF EXISTS `getinfo` CASCADE[0m
  ↳ db/schema.rb:40
  [1m[35m (151.9ms)[0m  [1m[35mCREATE TABLE `getinfo` (`patientID` int NOT NULL, `nurseID` int NOT NULL, PRIMARY KEY (`patientID`, `nurseID`),  INDEX `nurseID`  (`nurseID`)) ENGINE=InnoDB DEFAULT CHARSET=utf8mb4 COLLATE=utf8mb4_0900_ai_ci[0m
  ↳ db/schema.rb:40
  [1m[35m (6.2ms)[0m  [1m[35mDROP TABLE IF EXISTS `labtestsresults` CASCADE[0m
  ↳ db/schema.rb:46
  [1m[35m (103.6ms)[0m  [1m[35mCREATE TABLE `labtestsresults` (`testID` int NOT NULL, `dateAndTime` timestamp NOT NULL, `testName` varchar(50), `testResults` text, PRIMARY KEY (`testID`, `dateAndTime`),  INDEX `testID`  (`testID`)) ENGINE=InnoDB DEFAULT CHARSET=utf8mb4 COLLATE=utf8mb4_0900_ai_ci[0m
  ↳ db/schema.rb:46
  [1m[35m (6.0ms)[0m  [1m[35mDROP TABLE IF EXISTS `medicalhistory` CASCADE[0m
  ↳ db/schema.rb:54
  [1m[35m (97.9ms)[0m  [1m[35mCREATE TABLE `medicalhistory` (`medHisID` int NOT NULL PRIMARY KEY, `dateAndTime` timestamp NULL, `medication` text, `diseaseOrCondition` text) ENGINE=InnoDB DEFAULT CHARSET=utf8mb4 COLLATE=utf8mb4_0900_ai_ci[0m
  ↳ db/schema.rb:54
  [1m[35m (6.4ms)[0m  [1m[35mDROP TABLE IF EXISTS `nurse` CASCADE[0m
  ↳ db/schema.rb:60
  [1m[35m (104.7ms)[0m  [1m[35mCREATE TABLE `nurse` (`nurseID` int NOT NULL PRIMARY KEY, `nurseName` varchar(50), `department` varchar(50)) ENGINE=InnoDB DEFAULT CHARSET=utf8mb4 COLLATE=utf8mb4_0900_ai_ci[0m
  ↳ db/schema.rb:60
  [1m[35m (5.5ms)[0m  [1m[35mDROP TABLE IF EXISTS `patienthistory` CASCADE[0m
  ↳ db/schema.rb:65
  [1m[35m (102.1ms)[0m  [1m[35mCREATE TABLE `patienthistory` (`patientID` int NOT NULL, `medHisID` int NOT NULL, PRIMARY KEY (`patientID`, `medHisID`),  INDEX `medHisID`  (`medHisID`)) ENGINE=InnoDB DEFAULT CHARSET=utf8mb4 COLLATE=utf8mb4_0900_ai_ci[0m
  ↳ db/schema.rb:65
  [1m[35m (5.5ms)[0m  [1m[35mDROP TABLE IF EXISTS `patientinfo` CASCADE[0m
  ↳ db/schema.rb:71
  [1m[35m (134.7ms)[0m  [1m[35mCREATE TABLE `patientinfo` (`patientID` int NOT NULL PRIMARY KEY, `currMedID` int, `name` varchar(50), `birthDate` date, `bloodType` varchar(10), `dateCreated` timestamp NULL, `dateUpdated` timestamp NULL, `emergencyContact` text,  INDEX `currMedID`  (`currMedID`)) ENGINE=InnoDB DEFAULT CHARSET=utf8mb4 COLLATE=utf8mb4_0900_ai_ci[0m
  ↳ db/schema.rb:71
  [1m[35m (5.3ms)[0m  [1m[35mDROP TABLE IF EXISTS `patienttest` CASCADE[0m
  ↳ db/schema.rb:82
  [1m[35m (118.1ms)[0m  [1m[35mCREATE TABLE `patienttest` (`patientID` int NOT NULL, `testID` int NOT NULL, `dateAndTime` timestamp NOT NULL, PRIMARY KEY (`patientID`, `testID`, `dateAndTime`),  INDEX `testID`  (`testID`, `dateAndTime`)) ENGINE=InnoDB DEFAULT CHARSET=utf8mb4 COLLATE=utf8mb4_0900_ai_ci[0m
  ↳ db/schema.rb:82
  [1m[35m (7.4ms)[0m  [1m[35mDROP TABLE IF EXISTS `runtest` CASCADE[0m
  ↳ db/schema.rb:89
  [1m[35m (112.8ms)[0m  [1m[35mCREATE TABLE `runtest` (`nurseID` int NOT NULL, `testID` int NOT NULL, `dateAndTime` timestamp NOT NULL, PRIMARY KEY (`nurseID`, `testID`, `dateAndTime`),  INDEX `testID`  (`testID`, `dateAndTime`)) ENGINE=InnoDB DEFAULT CHARSET=utf8mb4 COLLATE=utf8mb4_0900_ai_ci[0m
  ↳ db/schema.rb:89
  [1m[35m (413.8ms)[0m  [1m[35mALTER TABLE `analyzeordiagnose` ADD CONSTRAINT `analyzeordiagnose_ibfk_1`
FOREIGN KEY (`doctorID`)
  REFERENCES `doctor` (`doctorid`)
[0m
  ↳ db/schema.rb:96
  [1m[35m (248.9ms)[0m  [1m[35mALTER TABLE `analyzeordiagnose` ADD CONSTRAINT `analyzeordiagnose_ibfk_2`
FOREIGN KEY (`medHisID`)
  REFERENCES `medicalhistory` (`medhisid`)
[0m
  ↳ db/schema.rb:97
  [1m[35m (259.9ms)[0m  [1m[35mALTER TABLE `getinfo` ADD CONSTRAINT `getinfo_ibfk_2`
FOREIGN KEY (`nurseID`)
  REFERENCES `nurse` (`nurseid`)
[0m
  ↳ db/schema.rb:98
  [1m[35m (453.4ms)[0m  [1m[35mALTER TABLE `getinfo` ADD CONSTRAINT `getinfo_ibfk_1`
FOREIGN KEY (`patientID`)
  REFERENCES `patientinfo` (`patientid`)
 ON DELETE CASCADE[0m
  ↳ db/schema.rb:99
  [1m[35m (253.1ms)[0m  [1m[35mALTER TABLE `patienthistory` ADD CONSTRAINT `patienthistory_ibfk_2`
FOREIGN KEY (`medHisID`)
  REFERENCES `medicalhistory` (`medhisid`)
[0m
  ↳ db/schema.rb:100
  [1m[35m (307.1ms)[0m  [1m[35mALTER TABLE `patienthistory` ADD CONSTRAINT `patienthistory_ibfk_1`
FOREIGN KEY (`patientID`)
  REFERENCES `patientinfo` (`patientid`)
 ON DELETE CASCADE[0m
  ↳ db/schema.rb:101
  [1m[35m (643.0ms)[0m  [1m[35mALTER TABLE `patientinfo` ADD CONSTRAINT `patientinfo_ibfk_1`
FOREIGN KEY (`currMedID`)
  REFERENCES `currentmedical` (`currmedid`)
 ON DELETE CASCADE[0m
  ↳ db/schema.rb:102
  [1m[35m (88.7ms)[0m  [1m[35mCREATE TABLE `schema_migrations` (`version` varchar(255) NOT NULL PRIMARY KEY)[0m
  ↳ db/schema.rb:13
  [1m[35m (0.7ms)[0m  [1m[34mSELECT `schema_migrations`.`version` FROM `schema_migrations` ORDER BY `schema_migrations`.`version` ASC[0m
  ↳ db/schema.rb:13
  [1m[35m (9.0ms)[0m  [1m[32mINSERT INTO `schema_migrations` (version) VALUES (0)[0m
  ↳ db/schema.rb:13
  [1m[35m (90.5ms)[0m  [1m[35mCREATE TABLE `ar_internal_metadata` (`key` varchar(255) NOT NULL PRIMARY KEY, `value` varchar(255), `created_at` datetime NOT NULL, `updated_at` datetime NOT NULL)[0m
  ↳ db/schema.rb:13
  [1m[36mActiveRecord::InternalMetadata Load (1.0ms)[0m  [1m[34mSELECT  `ar_internal_metadata`.* FROM `ar_internal_metadata` WHERE `ar_internal_metadata`.`key` = 'environment' LIMIT 1[0m
  ↳ db/schema.rb:13
  [1m[35m (0.2ms)[0m  [1m[35mBEGIN[0m
  ↳ db/schema.rb:13
  [1m[36mActiveRecord::InternalMetadata Create (0.6ms)[0m  [1m[32mINSERT INTO `ar_internal_metadata` (`key`, `value`, `created_at`, `updated_at`) VALUES ('environment', 'development', '2018-11-28 15:36:10', '2018-11-28 15:36:10')[0m
  ↳ db/schema.rb:13
  [1m[35m (12.1ms)[0m  [1m[35mCOMMIT[0m
  ↳ db/schema.rb:13
  [1m[36mActiveRecord::InternalMetadata Load (0.2ms)[0m  [1m[34mSELECT  `ar_internal_metadata`.* FROM `ar_internal_metadata` WHERE `ar_internal_metadata`.`key` = 'environment' LIMIT 1[0m
  ↳ bin/rails:4
  [1m[35m (0.2ms)[0m  [1m[35mBEGIN[0m
  ↳ bin/rails:4
  [1m[35m (0.1ms)[0m  [1m[35mCOMMIT[0m
  ↳ bin/rails:4
  [1m[35m (0.5ms)[0m  [1m[35mSET NAMES utf8,  @@SESSION.sql_mode = CONCAT(CONCAT(@@sql_mode, ',STRICT_ALL_TABLES'), ',NO_AUTO_VALUE_ON_ZERO'),  @@SESSION.sql_auto_is_null = 0, @@SESSION.wait_timeout = 2147483[0m
  ↳ db/schema.rb:15
  [1m[35m (5.5ms)[0m  [1m[35mDROP TABLE IF EXISTS `analyzeordiagnose` CASCADE[0m
  ↳ db/schema.rb:15
  [1m[35m (116.2ms)[0m  [1m[35mCREATE TABLE `analyzeordiagnose` (`doctorID` int NOT NULL, `medHisID` int NOT NULL, PRIMARY KEY (`doctorID`, `medHisID`),  INDEX `medHisID`  (`medHisID`)) ENGINE=InnoDB DEFAULT CHARSET=utf8mb4 COLLATE=utf8mb4_0900_ai_ci[0m
  ↳ db/schema.rb:15
  [1m[35m (8.3ms)[0m  [1m[35mDROP TABLE IF EXISTS `currentmedical` CASCADE[0m
  ↳ db/schema.rb:21
  [1m[35m (336.3ms)[0m  [1m[35mCREATE TABLE `currentmedical` (`currMedID` int NOT NULL PRIMARY KEY, `dateCreated` timestamp NULL, `dateUpdated` timestamp NULL, `medications` text, `allergies` text, `symptoms` text, `bloodPressure` varchar(50), `height` smallint, `weight` float(24)) ENGINE=InnoDB DEFAULT CHARSET=utf8mb4 COLLATE=utf8mb4_0900_ai_ci[0m
  ↳ db/schema.rb:21
  [1m[35m (6.0ms)[0m  [1m[35mDROP TABLE IF EXISTS `doctor` CASCADE[0m
  ↳ db/schema.rb:32
  [1m[35m (104.5ms)[0m  [1m[35mCREATE TABLE `doctor` (`doctorID` int NOT NULL PRIMARY KEY, `docName` varchar(50), `specialization` varchar(50), `department` varchar(50), `fee` decimal(15,2), `schedule` varchar(50)) ENGINE=InnoDB DEFAULT CHARSET=utf8mb4 COLLATE=utf8mb4_0900_ai_ci[0m
  ↳ db/schema.rb:32
  [1m[35m (5.9ms)[0m  [1m[35mDROP TABLE IF EXISTS `getinfo` CASCADE[0m
  ↳ db/schema.rb:40
  [1m[35m (121.7ms)[0m  [1m[35mCREATE TABLE `getinfo` (`patientID` int NOT NULL, `nurseID` int NOT NULL, PRIMARY KEY (`patientID`, `nurseID`),  INDEX `nurseID`  (`nurseID`)) ENGINE=InnoDB DEFAULT CHARSET=utf8mb4 COLLATE=utf8mb4_0900_ai_ci[0m
  ↳ db/schema.rb:40
  [1m[35m (13.4ms)[0m  [1m[35mDROP TABLE IF EXISTS `labtestsresults` CASCADE[0m
  ↳ db/schema.rb:46
  [1m[35m (116.1ms)[0m  [1m[35mCREATE TABLE `labtestsresults` (`testID` int NOT NULL, `dateAndTime` timestamp NOT NULL, `testName` varchar(50), `testResults` text, PRIMARY KEY (`testID`, `dateAndTime`),  INDEX `testID`  (`testID`)) ENGINE=InnoDB DEFAULT CHARSET=utf8mb4 COLLATE=utf8mb4_0900_ai_ci[0m
  ↳ db/schema.rb:46
  [1m[35m (6.2ms)[0m  [1m[35mDROP TABLE IF EXISTS `medicalhistory` CASCADE[0m
  ↳ db/schema.rb:54
  [1m[35m (94.5ms)[0m  [1m[35mCREATE TABLE `medicalhistory` (`medHisID` int NOT NULL PRIMARY KEY, `dateAndTime` timestamp NULL, `medication` text, `diseaseOrCondition` text) ENGINE=InnoDB DEFAULT CHARSET=utf8mb4 COLLATE=utf8mb4_0900_ai_ci[0m
  ↳ db/schema.rb:54
  [1m[35m (6.1ms)[0m  [1m[35mDROP TABLE IF EXISTS `nurse` CASCADE[0m
  ↳ db/schema.rb:60
  [1m[35m (94.4ms)[0m  [1m[35mCREATE TABLE `nurse` (`nurseID` int NOT NULL PRIMARY KEY, `nurseName` varchar(50), `department` varchar(50)) ENGINE=InnoDB DEFAULT CHARSET=utf8mb4 COLLATE=utf8mb4_0900_ai_ci[0m
  ↳ db/schema.rb:60
  [1m[35m (8.4ms)[0m  [1m[35mDROP TABLE IF EXISTS `patienthistory` CASCADE[0m
  ↳ db/schema.rb:65
  [1m[35m (144.8ms)[0m  [1m[35mCREATE TABLE `patienthistory` (`patientID` int NOT NULL, `medHisID` int NOT NULL, PRIMARY KEY (`patientID`, `medHisID`),  INDEX `medHisID`  (`medHisID`)) ENGINE=InnoDB DEFAULT CHARSET=utf8mb4 COLLATE=utf8mb4_0900_ai_ci[0m
  ↳ db/schema.rb:65
  [1m[35m (10.4ms)[0m  [1m[35mDROP TABLE IF EXISTS `patientinfo` CASCADE[0m
  ↳ db/schema.rb:71
  [1m[35m (150.8ms)[0m  [1m[35mCREATE TABLE `patientinfo` (`patientID` int NOT NULL PRIMARY KEY, `currMedID` int, `name` varchar(50), `birthDate` date, `bloodType` varchar(10), `dateCreated` timestamp NULL, `dateUpdated` timestamp NULL, `emergencyContact` text,  INDEX `currMedID`  (`currMedID`)) ENGINE=InnoDB DEFAULT CHARSET=utf8mb4 COLLATE=utf8mb4_0900_ai_ci[0m
  ↳ db/schema.rb:71
  [1m[35m (5.3ms)[0m  [1m[35mDROP TABLE IF EXISTS `patienttest` CASCADE[0m
  ↳ db/schema.rb:82
  [1m[35m (112.7ms)[0m  [1m[35mCREATE TABLE `patienttest` (`patientID` int NOT NULL, `testID` int NOT NULL, `dateAndTime` timestamp NOT NULL, PRIMARY KEY (`patientID`, `testID`, `dateAndTime`),  INDEX `testID`  (`testID`, `dateAndTime`)) ENGINE=InnoDB DEFAULT CHARSET=utf8mb4 COLLATE=utf8mb4_0900_ai_ci[0m
  ↳ db/schema.rb:82
  [1m[35m (6.3ms)[0m  [1m[35mDROP TABLE IF EXISTS `runtest` CASCADE[0m
  ↳ db/schema.rb:89
  [1m[35m (112.3ms)[0m  [1m[35mCREATE TABLE `runtest` (`nurseID` int NOT NULL, `testID` int NOT NULL, `dateAndTime` timestamp NOT NULL, PRIMARY KEY (`nurseID`, `testID`, `dateAndTime`),  INDEX `testID`  (`testID`, `dateAndTime`)) ENGINE=InnoDB DEFAULT CHARSET=utf8mb4 COLLATE=utf8mb4_0900_ai_ci[0m
  ↳ db/schema.rb:89
  [1m[35m (261.8ms)[0m  [1m[35mALTER TABLE `analyzeordiagnose` ADD CONSTRAINT `analyzeordiagnose_ibfk_1`
FOREIGN KEY (`doctorID`)
  REFERENCES `doctor` (`doctorid`)
[0m
  ↳ db/schema.rb:96
  [1m[35m (325.6ms)[0m  [1m[35mALTER TABLE `analyzeordiagnose` ADD CONSTRAINT `analyzeordiagnose_ibfk_2`
FOREIGN KEY (`medHisID`)
  REFERENCES `medicalhistory` (`medhisid`)
[0m
  ↳ db/schema.rb:97
  [1m[35m (354.2ms)[0m  [1m[35mALTER TABLE `getinfo` ADD CONSTRAINT `getinfo_ibfk_2`
FOREIGN KEY (`nurseID`)
  REFERENCES `nurse` (`nurseid`)
[0m
  ↳ db/schema.rb:98
  [1m[35m (260.5ms)[0m  [1m[35mALTER TABLE `getinfo` ADD CONSTRAINT `getinfo_ibfk_1`
FOREIGN KEY (`patientID`)
  REFERENCES `patientinfo` (`patientid`)
 ON DELETE CASCADE[0m
  ↳ db/schema.rb:99
  [1m[35m (254.2ms)[0m  [1m[35mALTER TABLE `patienthistory` ADD CONSTRAINT `patienthistory_ibfk_2`
FOREIGN KEY (`medHisID`)
  REFERENCES `medicalhistory` (`medhisid`)
[0m
  ↳ db/schema.rb:100
  [1m[35m (379.5ms)[0m  [1m[35mALTER TABLE `patienthistory` ADD CONSTRAINT `patienthistory_ibfk_1`
FOREIGN KEY (`patientID`)
  REFERENCES `patientinfo` (`patientid`)
 ON DELETE CASCADE[0m
  ↳ db/schema.rb:101
  [1m[35m (301.5ms)[0m  [1m[35mALTER TABLE `patientinfo` ADD CONSTRAINT `patientinfo_ibfk_1`
FOREIGN KEY (`currMedID`)
  REFERENCES `currentmedical` (`currmedid`)
 ON DELETE CASCADE[0m
  ↳ db/schema.rb:102
  [1m[35m (88.1ms)[0m  [1m[35mCREATE TABLE `schema_migrations` (`version` varchar(255) NOT NULL PRIMARY KEY)[0m
  ↳ db/schema.rb:13
  [1m[35m (1.7ms)[0m  [1m[34mSELECT `schema_migrations`.`version` FROM `schema_migrations` ORDER BY `schema_migrations`.`version` ASC[0m
  ↳ db/schema.rb:13
  [1m[35m (18.9ms)[0m  [1m[32mINSERT INTO `schema_migrations` (version) VALUES (0)[0m
  ↳ db/schema.rb:13
  [1m[35m (90.8ms)[0m  [1m[35mCREATE TABLE `ar_internal_metadata` (`key` varchar(255) NOT NULL PRIMARY KEY, `value` varchar(255), `created_at` datetime NOT NULL, `updated_at` datetime NOT NULL)[0m
  ↳ db/schema.rb:13
  [1m[36mActiveRecord::InternalMetadata Load (1.8ms)[0m  [1m[34mSELECT  `ar_internal_metadata`.* FROM `ar_internal_metadata` WHERE `ar_internal_metadata`.`key` = 'environment' LIMIT 1[0m
  ↳ db/schema.rb:13
  [1m[35m (0.2ms)[0m  [1m[35mBEGIN[0m
  ↳ db/schema.rb:13
  [1m[36mActiveRecord::InternalMetadata Create (0.7ms)[0m  [1m[32mINSERT INTO `ar_internal_metadata` (`key`, `value`, `created_at`, `updated_at`) VALUES ('environment', 'development', '2018-11-28 15:36:14', '2018-11-28 15:36:14')[0m
  ↳ db/schema.rb:13
  [1m[35m (12.4ms)[0m  [1m[35mCOMMIT[0m
  ↳ db/schema.rb:13
  [1m[36mActiveRecord::InternalMetadata Load (0.4ms)[0m  [1m[34mSELECT  `ar_internal_metadata`.* FROM `ar_internal_metadata` WHERE `ar_internal_metadata`.`key` = 'environment' LIMIT 1[0m
  ↳ bin/rails:4
  [1m[35m (0.1ms)[0m  [1m[35mBEGIN[0m
  ↳ bin/rails:4
  [1m[36mActiveRecord::InternalMetadata Update (0.6ms)[0m  [1m[33mUPDATE `ar_internal_metadata` SET `value` = 'test' WHERE `ar_internal_metadata`.`key` = 'environment'[0m
  ↳ bin/rails:4
  [1m[35m (15.9ms)[0m  [1m[35mCOMMIT[0m
  ↳ bin/rails:4
  [1m[35m (0.4ms)[0m  [1m[35mSET NAMES utf8,  @@SESSION.sql_mode = CONCAT(CONCAT(@@sql_mode, ',STRICT_ALL_TABLES'), ',NO_AUTO_VALUE_ON_ZERO'),  @@SESSION.sql_auto_is_null = 0, @@SESSION.wait_timeout = 2147483[0m
  ↳ bin/rails:4
  [1m[35m (0.8ms)[0m  [1m[34mSELECT `schema_migrations`.`version` FROM `schema_migrations` ORDER BY `schema_migrations`.`version` ASC[0m
  ↳ bin/rails:4
Started GET "/" for 127.0.0.1 at 2018-11-28 23:36:40 +0800
  [1m[35m (0.7ms)[0m  [1m[35mSET NAMES utf8,  @@SESSION.sql_mode = CONCAT(CONCAT(@@sql_mode, ',STRICT_ALL_TABLES'), ',NO_AUTO_VALUE_ON_ZERO'),  @@SESSION.sql_auto_is_null = 0, @@SESSION.wait_timeout = 2147483[0m
  ↳ C:/Ruby25-x64/lib/ruby/gems/2.5.0/gems/activerecord-5.2.1.1/lib/active_record/log_subscriber.rb:98
Processing by Rails::WelcomeController#index as HTML
  Rendering C:/Ruby25-x64/lib/ruby/gems/2.5.0/gems/railties-5.2.1.1/lib/rails/templates/rails/welcome/index.html.erb
  Rendered C:/Ruby25-x64/lib/ruby/gems/2.5.0/gems/railties-5.2.1.1/lib/rails/templates/rails/welcome/index.html.erb (8.1ms)
Completed 200 OK in 167ms (Views: 91.7ms | ActiveRecord: 0.0ms)


Started GET "/" for 127.0.0.1 at 2018-11-28 23:40:25 +0800
  [1m[35m (0.8ms)[0m  [1m[35mSET NAMES utf8,  @@SESSION.sql_mode = CONCAT(CONCAT(@@sql_mode, ',STRICT_ALL_TABLES'), ',NO_AUTO_VALUE_ON_ZERO'),  @@SESSION.sql_auto_is_null = 0, @@SESSION.wait_timeout = 2147483[0m
  ↳ C:/Ruby25-x64/lib/ruby/gems/2.5.0/gems/activerecord-5.2.1.1/lib/active_record/log_subscriber.rb:98
  
ArgumentError (Missing :controller key on routes definition, please check your routes.):
  
config/routes.rb:5:in `block in <top (required)>'
config/routes.rb:1:in `<top (required)>'
Started GET "/" for 127.0.0.1 at 2018-11-28 23:41:04 +0800
Processing by DashboardController#index as HTML
  Rendering dashboard/index.html.erb within layouts/application
  Rendered dashboard/index.html.erb within layouts/application (0.4ms)
Completed 500 Internal Server Error in 783ms (ActiveRecord: 0.0ms)


  
ActionView::Template::Error (require_tree argument must be a directory):
     5:     <%= csrf_meta_tags %>
     6:     <%= csp_meta_tag %>
     7: 
     8:     <%= stylesheet_link_tag    'application', media: 'all', 'data-turbolinks-track': 'reload' %>
     9:     <%= javascript_include_tag 'application', 'data-turbolinks-track': 'reload' %>
    10:   </head>
    11: 
  
app/assets/javascripts/cable.js:6
app/views/layouts/application.html.erb:8:in `_app_views_layouts_application_html_erb__158376828_55947880'
Started GET "/" for 127.0.0.1 at 2018-11-28 23:44:10 +0800
Processing by DashboardController#index as HTML
  Rendering dashboard/index.html.erb within layouts/application
  Rendered dashboard/index.html.erb within layouts/application (0.7ms)
Completed 200 OK in 5947ms (Views: 5874.0ms | ActiveRecord: 0.0ms)


  [1m[35m (2.6ms)[0m  [1m[35mSET NAMES utf8,  @@SESSION.sql_mode = CONCAT(CONCAT(@@sql_mode, ',STRICT_ALL_TABLES'), ',NO_AUTO_VALUE_ON_ZERO'),  @@SESSION.sql_auto_is_null = 0, @@SESSION.wait_timeout = 2147483[0m
  ↳ bin/rails:4
  [1m[35m (0.2ms)[0m  [1m[34mSELECT GET_LOCK('4554990436752307860', 0)[0m
  ↳ bin/rails:4
  [1m[35m (0.5ms)[0m  [1m[34mSELECT `schema_migrations`.`version` FROM `schema_migrations` ORDER BY `schema_migrations`.`version` ASC[0m
  ↳ bin/rails:4
  [1m[36mActiveRecord::InternalMetadata Load (0.6ms)[0m  [1m[34mSELECT  `ar_internal_metadata`.* FROM `ar_internal_metadata` WHERE `ar_internal_metadata`.`key` = 'environment' LIMIT 1[0m
  ↳ bin/rails:4
  [1m[35m (0.4ms)[0m  [1m[35mBEGIN[0m
  ↳ bin/rails:4
  [1m[35m (0.3ms)[0m  [1m[35mCOMMIT[0m
  ↳ bin/rails:4
  [1m[35m (0.3ms)[0m  [1m[34mSELECT RELEASE_LOCK('4554990436752307860')[0m
  ↳ bin/rails:4
  [1m[35m (0.3ms)[0m  [1m[34mSELECT `schema_migrations`.`version` FROM `schema_migrations` ORDER BY `schema_migrations`.`version` ASC[0m
  ↳ bin/rails:4
  [1m[35m (2.3ms)[0m  [1m[35mSET NAMES utf8,  @@SESSION.sql_mode = CONCAT(CONCAT(@@sql_mode, ',STRICT_ALL_TABLES'), ',NO_AUTO_VALUE_ON_ZERO'),  @@SESSION.sql_auto_is_null = 0, @@SESSION.wait_timeout = 2147483[0m
  ↳ /Users/bridgetnoelleee/.rvm/gems/ruby-2.5.3/bin/rake:23
  [1m[35m (0.4ms)[0m  [1m[34mSELECT `schema_migrations`.`version` FROM `schema_migrations` ORDER BY `schema_migrations`.`version` ASC[0m
  ↳ /Users/bridgetnoelleee/.rvm/gems/ruby-2.5.3/bin/rake:23
  [1m[35m (0.6ms)[0m  [1m[35mSET NAMES utf8,  @@SESSION.sql_mode = CONCAT(CONCAT(@@sql_mode, ',STRICT_ALL_TABLES'), ',NO_AUTO_VALUE_ON_ZERO'),  @@SESSION.sql_auto_is_null = 0, @@SESSION.wait_timeout = 2147483[0m
  ↳ bin/rails:4
  [1m[35m (0.3ms)[0m  [1m[34mSELECT GET_LOCK('4554990436752307860', 0)[0m
  ↳ bin/rails:4
  [1m[35m (0.5ms)[0m  [1m[34mSELECT `schema_migrations`.`version` FROM `schema_migrations` ORDER BY `schema_migrations`.`version` ASC[0m
  ↳ bin/rails:4
  [1m[36mActiveRecord::InternalMetadata Load (0.6ms)[0m  [1m[34mSELECT  `ar_internal_metadata`.* FROM `ar_internal_metadata` WHERE `ar_internal_metadata`.`key` = 'environment' LIMIT 1[0m
  ↳ bin/rails:4
  [1m[35m (0.3ms)[0m  [1m[35mBEGIN[0m
  ↳ bin/rails:4
  [1m[35m (0.3ms)[0m  [1m[35mCOMMIT[0m
  ↳ bin/rails:4
  [1m[35m (0.3ms)[0m  [1m[34mSELECT RELEASE_LOCK('4554990436752307860')[0m
  ↳ bin/rails:4
  [1m[35m (0.3ms)[0m  [1m[34mSELECT `schema_migrations`.`version` FROM `schema_migrations` ORDER BY `schema_migrations`.`version` ASC[0m
  ↳ bin/rails:4
  [1m[35m (0.8ms)[0m  [1m[35mSET NAMES utf8,  @@SESSION.sql_mode = CONCAT(CONCAT(@@sql_mode, ',STRICT_ALL_TABLES'), ',NO_AUTO_VALUE_ON_ZERO'),  @@SESSION.sql_auto_is_null = 0, @@SESSION.wait_timeout = 2147483[0m
  ↳ bin/rails:4
  [1m[35m (0.2ms)[0m  [1m[34mSELECT GET_LOCK('4554990436752307860', 0)[0m
  ↳ bin/rails:4
  [1m[35m (0.4ms)[0m  [1m[34mSELECT `schema_migrations`.`version` FROM `schema_migrations` ORDER BY `schema_migrations`.`version` ASC[0m
  ↳ bin/rails:4
  [1m[36mActiveRecord::InternalMetadata Load (0.6ms)[0m  [1m[34mSELECT  `ar_internal_metadata`.* FROM `ar_internal_metadata` WHERE `ar_internal_metadata`.`key` = 'environment' LIMIT 1[0m
  ↳ bin/rails:4
  [1m[35m (0.4ms)[0m  [1m[35mBEGIN[0m
  ↳ bin/rails:4
  [1m[35m (0.2ms)[0m  [1m[35mCOMMIT[0m
  ↳ bin/rails:4
  [1m[35m (0.2ms)[0m  [1m[34mSELECT RELEASE_LOCK('4554990436752307860')[0m
  ↳ bin/rails:4
  [1m[35m (0.4ms)[0m  [1m[34mSELECT `schema_migrations`.`version` FROM `schema_migrations` ORDER BY `schema_migrations`.`version` ASC[0m
  ↳ bin/rails:4
  [1m[35m (1.8ms)[0m  [1m[35mSET NAMES utf8,  @@SESSION.sql_mode = CONCAT(CONCAT(@@sql_mode, ',STRICT_ALL_TABLES'), ',NO_AUTO_VALUE_ON_ZERO'),  @@SESSION.sql_auto_is_null = 0, @@SESSION.wait_timeout = 2147483[0m
  ↳ bin/rails:4
  [1m[35m (0.2ms)[0m  [1m[34mSELECT GET_LOCK('4554990436752307860', 0)[0m
  ↳ bin/rails:4
  [1m[35m (0.4ms)[0m  [1m[34mSELECT `schema_migrations`.`version` FROM `schema_migrations` ORDER BY `schema_migrations`.`version` ASC[0m
  ↳ bin/rails:4
  [1m[36mActiveRecord::InternalMetadata Load (0.5ms)[0m  [1m[34mSELECT  `ar_internal_metadata`.* FROM `ar_internal_metadata` WHERE `ar_internal_metadata`.`key` = 'environment' LIMIT 1[0m
  ↳ bin/rails:4
  [1m[35m (0.4ms)[0m  [1m[35mBEGIN[0m
  ↳ bin/rails:4
  [1m[35m (0.2ms)[0m  [1m[35mCOMMIT[0m
  ↳ bin/rails:4
  [1m[35m (0.2ms)[0m  [1m[34mSELECT RELEASE_LOCK('4554990436752307860')[0m
  ↳ bin/rails:4
  [1m[35m (0.2ms)[0m  [1m[34mSELECT `schema_migrations`.`version` FROM `schema_migrations` ORDER BY `schema_migrations`.`version` ASC[0m
  ↳ bin/rails:4
